<?xml version="1.0" encoding="UTF-8"?>
<!-- Generated by org.testng.reporters.JUnitXMLReporter -->
<testsuite hostname="LAPTOP-GJBLS7MV" ignored="0" name="API Tests" tests="4" failures="0" timestamp="25 Aug 2020 07:28:12 GMT" time="11.281" errors="0">
  <testcase name="test01_GetList" time="5.08" classname="SanityTests.studentListAPI"/>
  <testcase name="test02_addStudent" time="0.591" classname="SanityTests.studentListAPI"/>
  <testcase name="test03_updateStudent" time="0.288" classname="SanityTests.studentListAPI"/>
  <testcase name="test04_deleteStudent" time="0.203" classname="SanityTests.studentListAPI"/>
</testsuite> <!-- API Tests -->
