<?xml version="1.0" encoding="UTF-8"?>
<!-- Generated by org.testng.reporters.JUnitXMLReporter -->
<testsuite hostname="LAPTOP-GJBLS7MV" ignored="0" name="Web Tests" tests="6" failures="0" timestamp="19 Aug 2020 07:14:31 GMT" time="46.672" errors="0">
  <testcase name="creatScreenShot" time="5.759" classname="Helpers.visualTesting"/>
  <testcase name="test01_login" time="2.656" classname="SanityTests.saucedemoWeb"/>
  <testcase name="test02_DropDownSort" time="1.022" classname="SanityTests.saucedemoWeb"/>
  <testcase name="test03_Shopping_cart" time="1.145" classname="SanityTests.saucedemoWeb"/>
  <testcase name="test04_verifyLogo" time="0.963" classname="SanityTests.saucedemoWeb"/>
  <testcase name="test01_login" time="2.883" classname="SanityTests.saucedemoWebDB"/>
</testsuite> <!-- Web Tests -->
