<?xml version="1.0" encoding="UTF-8"?>
<testng-results skipped="0" failed="0" ignored="0" total="4" passed="4">
  <reporter-output>
  </reporter-output>
  <suite name="Suite" duration-ms="11281" started-at="2020-08-25T07:28:00Z" finished-at="2020-08-25T07:28:12Z">
    <groups>
    </groups>
    <test name="API Tests" duration-ms="11281" started-at="2020-08-25T07:28:00Z" finished-at="2020-08-25T07:28:12Z">
      <class name="SanityTests.studentListAPI">
        <test-method status="PASS" signature="openSession(java.lang.String)[pri:0, instance:SanityTests.studentListAPI@2cd2c8fe]" name="openSession" is-config="true" duration-ms="4682" started-at="2020-08-25T07:28:00Z" finished-at="2020-08-25T07:28:05Z">
          <params>
            <param index="0">
              <value>
                <![CDATA[api]]>
              </value>
            </param>
          </params>
          <reporter-output>
          </reporter-output>
        </test-method> <!-- openSession -->
        <test-method status="PASS" signature="test01_GetList()[pri:0, instance:SanityTests.studentListAPI@2cd2c8fe]" name="test01_GetList" duration-ms="5080" started-at="2020-08-25T07:28:05Z" description="Test01: Get StudentList from server" finished-at="2020-08-25T07:28:10Z">
          <reporter-output>
          </reporter-output>
        </test-method> <!-- test01_GetList -->
        <test-method status="PASS" signature="afterMethod()[pri:0, instance:SanityTests.studentListAPI@2cd2c8fe]" name="afterMethod" is-config="true" duration-ms="2" started-at="2020-08-25T07:28:10Z" finished-at="2020-08-25T07:28:10Z">
          <reporter-output>
          </reporter-output>
        </test-method> <!-- afterMethod -->
        <test-method status="PASS" signature="test02_addStudent()[pri:0, instance:SanityTests.studentListAPI@2cd2c8fe]" name="test02_addStudent" duration-ms="591" started-at="2020-08-25T07:28:10Z" description="Test02: Add Student record and verify it" finished-at="2020-08-25T07:28:11Z">
          <reporter-output>
          </reporter-output>
        </test-method> <!-- test02_addStudent -->
        <test-method status="PASS" signature="afterMethod()[pri:0, instance:SanityTests.studentListAPI@2cd2c8fe]" name="afterMethod" is-config="true" duration-ms="0" started-at="2020-08-25T07:28:11Z" finished-at="2020-08-25T07:28:11Z">
          <reporter-output>
          </reporter-output>
        </test-method> <!-- afterMethod -->
        <test-method status="PASS" signature="test03_updateStudent()[pri:0, instance:SanityTests.studentListAPI@2cd2c8fe]" name="test03_updateStudent" duration-ms="288" started-at="2020-08-25T07:28:11Z" description="Test03: Update Student record and verify it" finished-at="2020-08-25T07:28:11Z">
          <reporter-output>
          </reporter-output>
        </test-method> <!-- test03_updateStudent -->
        <test-method status="PASS" signature="afterMethod()[pri:0, instance:SanityTests.studentListAPI@2cd2c8fe]" name="afterMethod" is-config="true" duration-ms="0" started-at="2020-08-25T07:28:11Z" finished-at="2020-08-25T07:28:11Z">
          <reporter-output>
          </reporter-output>
        </test-method> <!-- afterMethod -->
        <test-method status="PASS" signature="test04_deleteStudent()[pri:0, instance:SanityTests.studentListAPI@2cd2c8fe]" name="test04_deleteStudent" duration-ms="203" started-at="2020-08-25T07:28:11Z" description="Test04: Delete Student record and verify it" finished-at="2020-08-25T07:28:11Z">
          <reporter-output>
          </reporter-output>
        </test-method> <!-- test04_deleteStudent -->
        <test-method status="PASS" signature="afterMethod()[pri:0, instance:SanityTests.studentListAPI@2cd2c8fe]" name="afterMethod" is-config="true" duration-ms="1" started-at="2020-08-25T07:28:12Z" finished-at="2020-08-25T07:28:12Z">
          <reporter-output>
          </reporter-output>
        </test-method> <!-- afterMethod -->
        <test-method status="PASS" signature="closeSession()[pri:0, instance:SanityTests.studentListAPI@2cd2c8fe]" name="closeSession" is-config="true" duration-ms="7" started-at="2020-08-25T07:28:12Z" finished-at="2020-08-25T07:28:12Z">
          <reporter-output>
          </reporter-output>
        </test-method> <!-- closeSession -->
      </class> <!-- SanityTests.studentListAPI -->
    </test> <!-- API Tests -->
  </suite> <!-- Suite -->
</testng-results>
